<?xml version="1.0" encoding="UTF-8"?>
<testng-results ignored="0" total="1" passed="1" failed="0" skipped="0">
  <reporter-output>
  </reporter-output>
  <suite started-at="2024-05-30T15:59:51 IST" name="Default suite" finished-at="2024-05-30T16:00:23 IST" duration-ms="31866">
    <groups>
    </groups>
    <test started-at="2024-05-30T15:59:51 IST" name="Default test" finished-at="2024-05-30T16:00:23 IST" duration-ms="31866">
      <class name="com.Jenkins.AdactinTest">
        <test-method is-config="true" signature="browserLaunch()[pri:0, instance:com.Jenkins.AdactinTest@d5b810e]" started-at="2024-05-30T15:59:51 IST" name="browserLaunch" finished-at="2024-05-30T15:59:56 IST" duration-ms="4589" status="PASS">
          <reporter-output>
          </reporter-output>
        </test-method> <!-- browserLaunch -->
        <test-method is-config="true" signature="getURL()[pri:0, instance:com.Jenkins.AdactinTest@d5b810e]" started-at="2024-05-30T15:59:56 IST" name="getURL" finished-at="2024-05-30T15:59:56 IST" duration-ms="450" status="PASS">
          <reporter-output>
          </reporter-output>
        </test-method> <!-- getURL -->
        <test-method is-config="true" signature="login()[pri:0, instance:com.Jenkins.AdactinTest@d5b810e]" started-at="2024-05-30T15:59:56 IST" name="login" finished-at="2024-05-30T15:59:58 IST" duration-ms="2035" status="PASS">
          <reporter-output>
          </reporter-output>
        </test-method> <!-- login -->
        <test-method signature="searchAndBookHotel()[pri:0, instance:com.Jenkins.AdactinTest@d5b810e]" started-at="2024-05-30T15:59:58 IST" name="searchAndBookHotel" finished-at="2024-05-30T16:00:23 IST" duration-ms="24548" status="PASS">
          <reporter-output>
          </reporter-output>
        </test-method> <!-- searchAndBookHotel -->
        <test-method is-config="true" signature="browserClose()[pri:0, instance:com.Jenkins.AdactinTest@d5b810e]" started-at="2024-05-30T16:00:23 IST" name="browserClose" finished-at="2024-05-30T16:00:23 IST" duration-ms="189" status="PASS">
          <reporter-output>
          </reporter-output>
        </test-method> <!-- browserClose -->
      </class> <!-- com.Jenkins.AdactinTest -->
    </test> <!-- Default test -->
  </suite> <!-- Default suite -->
</testng-results>
